<?xml version="1.0" encoding="UTF-8"?>
<testsuite name="app.SwaggerControllerSpec" tests="1" skipped="0" failures="0" errors="0" timestamp="2021-02-25T17:49:12" hostname="diego-pc" time="0.085">
  <properties/>
  <testcase name="test something" classname="app.SwaggerControllerSpec" time="0.085"/>
  <system-out><![CDATA[]]></system-out>
  <system-err><![CDATA[]]></system-err>
</testsuite>
